<?xml version="1.0" encoding="UTF-8"?>
<testng-results skipped="0" failed="0" ignored="0" total="1" passed="1">
  <reporter-output>
  </reporter-output>
  <suite name="Default suite" duration-ms="2039" started-at="2022-10-06T07:24:29 UTC" finished-at="2022-10-06T07:24:31 UTC">
    <groups>
    </groups>
    <test name="Default test" duration-ms="2039" started-at="2022-10-06T07:24:29 UTC" finished-at="2022-10-06T07:24:31 UTC">
      <class name="goRest.CREATEUser">
        <test-method status="PASS" signature="setUp()[pri:0, instance:goRest.CREATEUser@1d548a08]" name="setUp" is-config="true" duration-ms="38" started-at="2022-10-06T07:24:29 UTC" finished-at="2022-10-06T07:24:29 UTC">
          <reporter-output>
          </reporter-output>
        </test-method> <!-- setUp -->
        <test-method status="PASS" signature="postData()[pri:0, instance:goRest.CREATEUser@1d548a08]" name="postData" is-config="true" duration-ms="347" started-at="2022-10-06T07:24:29 UTC" finished-at="2022-10-06T07:24:30 UTC">
          <reporter-output>
          </reporter-output>
        </test-method> <!-- postData -->
        <test-method status="PASS" signature="createResource()[pri:0, instance:goRest.CREATEUser@1d548a08]" name="createResource" duration-ms="1609" started-at="2022-10-06T07:24:30 UTC" finished-at="2022-10-06T07:24:31 UTC">
          <reporter-output>
          </reporter-output>
        </test-method> <!-- createResource -->
      </class> <!-- goRest.CREATEUser -->
    </test> <!-- Default test -->
  </suite> <!-- Default suite -->
</testng-results>
